<?xml version="1.0" encoding="UTF-8"?>
<!-- Generated by org.testng.reporters.JUnitReportReporter -->
<testsuite skipped="0" hostname="LAPTOP-V7NAMNVI" name="com.rcbteam.testcases.ValidateRCBPlayers" tests="2" failures="0" timestamp="04 Feb 2023 13:54:04 GMT" time="0.019" errors="0">
  <testcase name="test1_verifyForeignPlayersCount" time="0.017" classname="com.rcbteam.testcases.ValidateRCBPlayers"/>
  <testcase name="test1_verifyWicketKeeperCount" time="0.002" classname="com.rcbteam.testcases.ValidateRCBPlayers"/>
</testsuite> <!-- com.rcbteam.testcases.ValidateRCBPlayers -->
